{
  "stats": {
    "suites": 1,
    "tests": 2,
    "passes": 1,
    "pending": 1,
    "failures": 0,
    "start": "2024-01-02T12:26:54.228Z",
    "end": "2024-01-02T12:26:58.308Z",
    "duration": 4080,
    "testsRegistered": 2,
    "passPercent": 100,
    "pendingPercent": 50,
    "other": 0,
    "hasOther": false,
    "skipped": 0,
    "hasSkipped": false
  },
  "results": [
    {
      "uuid": "33ed366e-1e71-476e-ae4d-7f3a19a97cc3",
      "title": "",
      "fullFile": "cypress\\e2e\\Learning\\Assertions.cy.js",
      "file": "cypress\\e2e\\Learning\\Assertions.cy.js",
      "beforeHooks": [],
      "afterHooks": [],
      "tests": [],
      "suites": [
        {
          "uuid": "90a3b447-9fe1-43a4-ab5c-471eb7ea0d9e",
          "title": " All assertions in chai libarary",
          "fullFile": "",
          "file": "",
          "beforeHooks": [],
          "afterHooks": [],
          "tests": [
            {
              "title": "veriry the visible assertion",
              "fullTitle": " All assertions in chai libarary veriry the visible assertion",
              "timedOut": null,
              "duration": 1898,
              "state": "passed",
              "speed": "fast",
              "pass": true,
              "fail": false,
              "pending": false,
              "context": null,
              "code": "cy.visit('https://docs.cypress.io/guides/overview/why-cypress');\ncy.get('div>h1').contains('Why Cypress?').should('be.visible'); // verifying if the  'why cypress' is visible or not",
              "err": {},
              "uuid": "6b360594-4337-420e-9e77-a57964c39dcb",
              "parentUUID": "90a3b447-9fe1-43a4-ab5c-471eb7ea0d9e",
              "isHook": false,
              "skipped": false
            },
            {
              "title": " verify if user can go back",
              "fullTitle": " All assertions in chai libarary  verify if user can go back",
              "timedOut": null,
              "duration": 0,
              "state": "pending",
              "speed": null,
              "pass": false,
              "fail": false,
              "pending": true,
              "context": null,
              "code": "cy.visit('https://naveenautomationlabs.com/');\ncy.get('[class^=\"tag-cloud-link\"]').eq(0).click();\ncy.get('div>header>h1>span').contains('Agile').should('be.visible');\ncy.go('back'); // if user wants to go to back page\n//     cy.go('-1')     // anothoer way to go back\n//     cy.go('forward')\n//     cy.go('1')",
              "err": {},
              "uuid": "ca3d0d31-b105-4637-bae8-318ed8c2d40b",
              "parentUUID": "90a3b447-9fe1-43a4-ab5c-471eb7ea0d9e",
              "isHook": false,
              "skipped": false
            }
          ],
          "suites": [],
          "passes": [
            "6b360594-4337-420e-9e77-a57964c39dcb"
          ],
          "failures": [],
          "pending": [
            "ca3d0d31-b105-4637-bae8-318ed8c2d40b"
          ],
          "skipped": [],
          "duration": 1898,
          "root": false,
          "rootEmpty": false,
          "_timeout": 2000
        }
      ],
      "passes": [],
      "failures": [],
      "pending": [],
      "skipped": [],
      "duration": 0,
      "root": true,
      "rootEmpty": true,
      "_timeout": 2000
    }
  ],
  "meta": {
    "mocha": {
      "version": "7.0.1"
    },
    "mochawesome": {
      "options": {
        "quiet": false,
        "reportFilename": "mochawesome",
        "saveHtml": false,
        "saveJson": true,
        "consoleReporter": "spec",
        "useInlineDiffs": false,
        "code": true
      },
      "version": "7.1.3"
    },
    "marge": {
      "options": {
        "overwrite": false,
        "html": false,
        "json": true,
        "reportDir": "cypress\\reports\\html\\.jsons"
      },
      "version": "6.2.0"
    }
  }
}